# JRE version: OpenJDK Runtime Environment (8.0_202-b03) (build 1.8.0_202-release-1483-b03)
# Java VM: OpenJDK 64-Bit Server VM (25.202-b03 mixed mode windows-amd64 compressed oops)
Heap:
 PSYoungGen      total 150016K, used 129789K [0x00000000f5580000, 0x0000000100000000, 0x0000000100000000)
  eden space 131584K, 90% used [0x00000000f5580000,0x00000000fc9a9170,0x00000000fd600000)
  from space 18432K, 58% used [0x00000000fee00000,0x00000000ff896440,0x0000000100000000)
  to   space 21504K, 0% used [0x00000000fd600000,0x00000000fd600000,0x00000000feb00000)
 ParOldGen       total 324096K, used 34201K [0x00000000e0000000, 0x00000000f3c80000, 0x00000000f5580000)
  object space 324096K, 10% used [0x00000000e0000000,0x00000000e2166568,0x00000000f3c80000)
 Metaspace       used 65087K, capacity 66906K, committed 67032K, reserved 1107968K
  class space    used 8521K, capacity 8960K, committed 8960K, reserved 1048576K
GC Heap History (10 events):
Event: 15.970 GC heap before
{Heap before GC invocations=7 (full 2):
 PSYoungGen      total 163840K, used 10540K [0x00000000f5580000, 0x0000000100000000, 0x0000000100000000)
  eden space 153088K, 0% used [0x00000000f5580000,0x00000000f5580000,0x00000000feb00000)
  from space 10752K, 98% used [0x00000000feb00000,0x00000000ff54b230,0x00000000ff580000)
  to   space 10752K, 0% used [0x00000000ff580000,0x00000000ff580000,0x0000000100000000)
 ParOldGen       total 175104K, used 12945K [0x00000000e0000000, 0x00000000eab00000, 0x00000000f5580000)
  object space 175104K, 7% used [0x00000000e0000000,0x00000000e0ca46c8,0x00000000eab00000)
 Metaspace       used 34609K, capacity 35198K, committed 35416K, reserved 1079296K
  class space    used 4747K, capacity 4938K, committed 4992K, reserved 1048576K
Event: 16.074 GC heap after
Heap after GC invocations=7 (full 2):
 PSYoungGen      total 163840K, used 0K [0x00000000f5580000, 0x0000000100000000, 0x0000000100000000)
  eden space 153088K, 0% used [0x00000000f5580000,0x00000000f5580000,0x00000000feb00000)
  from space 10752K, 0% used [0x00000000feb00000,0x00000000feb00000,0x00000000ff580000)
  to   space 10752K, 0% used [0x00000000ff580000,0x00000000ff580000,0x0000000100000000)
 ParOldGen       total 215552K, used 17913K [0x00000000e0000000, 0x00000000ed280000, 0x00000000f5580000)
  object space 215552K, 8% used [0x00000000e0000000,0x00000000e117e418,0x00000000ed280000)
 Metaspace       used 34607K, capacity 35192K, committed 35416K, reserved 1079296K
  class space    used 4747K, capacity 4937K, committed 4992K, reserved 1048576K
}
Event: 20.000 GC heap before
{Heap before GC invocations=8 (full 2):
 PSYoungGen      total 163840K, used 153088K [0x00000000f5580000, 0x0000000100000000, 0x0000000100000000)
  eden space 153088K, 100% used [0x00000000f5580000,0x00000000feb00000,0x00000000feb00000)
  from space 10752K, 0% used [0x00000000feb00000,0x00000000feb00000,0x00000000ff580000)
  to   space 10752K, 0% used [0x00000000ff580000,0x00000000ff580000,0x0000000100000000)
 ParOldGen       total 215552K, used 17913K [0x00000000e0000000, 0x00000000ed280000, 0x00000000f5580000)
  object space 215552K, 8% used [0x00000000e0000000,0x00000000e117e418,0x00000000ed280000)
 Metaspace       used 48713K, capacity 49882K, committed 50136K, reserved 1093632K
  class space    used 6583K, capacity 6864K, committed 6912K, reserved 1048576K
Event: 20.023 GC heap after
Heap after GC invocations=8 (full 2):
 PSYoungGen      total 148480K, used 10747K [0x00000000f5580000, 0x0000000100000000, 0x0000000100000000)
  eden space 137728K, 0% used [0x00000000f5580000,0x00000000f5580000,0x00000000fdc00000)
  from space 10752K, 99% used [0x00000000ff580000,0x00000000ffffee80,0x0000000100000000)
  to   space 18432K, 0% used [0x00000000fdc00000,0x00000000fdc00000,0x00000000fee00000)
 ParOldGen       total 215552K, used 25948K [0x00000000e0000000, 0x00000000ed280000, 0x00000000f5580000)
  object space 215552K, 12% used [0x00000000e0000000,0x00000000e19571d0,0x00000000ed280000)
 Metaspace       used 48713K, capacity 49882K, committed 50136K, reserved 1093632K
  class space    used 6583K, capacity 6864K, committed 6912K, reserved 1048576K
}
Event: 23.017 GC heap before
{Heap before GC invocations=9 (full 2):
 PSYoungGen      total 148480K, used 115155K [0x00000000f5580000, 0x0000000100000000, 0x0000000100000000)
  eden space 137728K, 75% used [0x00000000f5580000,0x00000000fbb760a8,0x00000000fdc00000)
  from space 10752K, 99% used [0x00000000ff580000,0x00000000ffffee80,0x0000000100000000)
  to   space 18432K, 0% used [0x00000000fdc00000,0x00000000fdc00000,0x00000000fee00000)
 ParOldGen       total 215552K, used 25948K [0x00000000e0000000, 0x00000000ed280000, 0x00000000f5580000)
  object space 215552K, 12% used [0x00000000e0000000,0x00000000e19571d0,0x00000000ed280000)
 Metaspace       used 57301K, capacity 58816K, committed 58968K, reserved 1099776K
  class space    used 7822K, capacity 8199K, committed 8320K, reserved 1048576K
Event: 23.040 GC heap after
Heap after GC invocations=9 (full 2):
 PSYoungGen      total 156160K, used 18406K [0x00000000f5580000, 0x0000000100000000, 0x0000000100000000)
  eden space 137728K, 0% used [0x00000000f5580000,0x00000000f5580000,0x00000000fdc00000)
  from space 18432K, 99% used [0x00000000fdc00000,0x00000000fedf9a60,0x00000000fee00000)
  to   space 18432K, 0% used [0x00000000fee00000,0x00000000fee00000,0x0000000100000000)
 ParOldGen       total 215552K, used 27828K [0x00000000e0000000, 0x00000000ed280000, 0x00000000f5580000)
  object space 215552K, 12% used [0x00000000e0000000,0x00000000e1b2d110,0x00000000ed280000)
 Metaspace       used 57301K, capacity 58816K, committed 58968K, reserved 1099776K
  class space    used 7822K, capacity 8199K, committed 8320K, reserved 1048576K
}
Event: 23.040 GC heap before
{Heap before GC invocations=10 (full 3):
 PSYoungGen      total 156160K, used 18406K [0x00000000f5580000, 0x0000000100000000, 0x0000000100000000)
  eden space 137728K, 0% used [0x00000000f5580000,0x00000000f5580000,0x00000000fdc00000)
  from space 18432K, 99% used [0x00000000fdc00000,0x00000000fedf9a60,0x00000000fee00000)
  to   space 18432K, 0% used [0x00000000fee00000,0x00000000fee00000,0x0000000100000000)
 ParOldGen       total 215552K, used 27828K [0x00000000e0000000, 0x00000000ed280000, 0x00000000f5580000)
  object space 215552K, 12% used [0x00000000e0000000,0x00000000e1b2d110,0x00000000ed280000)
 Metaspace       used 57301K, capacity 58816K, committed 58968K, reserved 1099776K
  class space    used 7822K, capacity 8199K, committed 8320K, reserved 1048576K
Event: 23.260 GC heap after
Heap after GC invocations=10 (full 3):
 PSYoungGen      total 156160K, used 0K [0x00000000f5580000, 0x0000000100000000, 0x0000000100000000)
  eden space 137728K, 0% used [0x00000000f5580000,0x00000000f5580000,0x00000000fdc00000)
  from space 18432K, 0% used [0x00000000fdc00000,0x00000000fdc00000,0x00000000fee00000)
  to   space 18432K, 0% used [0x00000000fee00000,0x00000000fee00000,0x0000000100000000)
 ParOldGen       total 324096K, used 34193K [0x00000000e0000000, 0x00000000f3c80000, 0x00000000f5580000)
  object space 324096K, 10% used [0x00000000e0000000,0x00000000e2164568,0x00000000f3c80000)
 Metaspace       used 57301K, capacity 58816K, committed 58968K, reserved 1099776K
  class space    used 7822K, capacity 8199K, committed 8320K, reserved 1048576K
}
Event: 4995.970 GC heap before
{Heap before GC invocations=11 (full 3):
 PSYoungGen      total 156160K, used 137728K [0x00000000f5580000, 0x0000000100000000, 0x0000000100000000)
  eden space 137728K, 100% used [0x00000000f5580000,0x00000000fdc00000,0x00000000fdc00000)
  from space 18432K, 0% used [0x00000000fdc00000,0x00000000fdc00000,0x00000000fee00000)
  to   space 18432K, 0% used [0x00000000fee00000,0x00000000fee00000,0x0000000100000000)
 ParOldGen       total 324096K, used 34193K [0x00000000e0000000, 0x00000000f3c80000, 0x00000000f5580000)
  object space 324096K, 10% used [0x00000000e0000000,0x00000000e2164568,0x00000000f3c80000)
 Metaspace       used 63249K, capacity 64970K, committed 65112K, reserved 1105920K
  class space    used 8345K, capacity 8750K, committed 8832K, reserved 1048576K
Event: 4995.988 GC heap after
Heap after GC invocations=11 (full 3):
 PSYoungGen      total 150016K, used 10841K [0x00000000f5580000, 0x0000000100000000, 0x0000000100000000)
  eden space 131584K, 0% used [0x00000000f5580000,0x00000000f5580000,0x00000000fd600000)
  from space 18432K, 58% used [0x00000000fee00000,0x00000000ff896440,0x0000000100000000)
  to   space 21504K, 0% used [0x00000000fd600000,0x00000000fd600000,0x00000000feb00000)
 ParOldGen       total 324096K, used 34201K [0x00000000e0000000, 0x00000000f3c80000, 0x00000000f5580000)
  object space 324096K, 10% used [0x00000000e0000000,0x00000000e2166568,0x00000000f3c80000)
 Metaspace       used 63249K, capacity 64970K, committed 65112K, reserved 1105920K
  class space    used 8345K, capacity 8750K, committed 8832K, reserved 1048576K
}

